#
# There is insufficient memory for the Java Runtime Environment to continue.
# Native memory allocation (malloc) failed to allocate 1048576 bytes for AllocateHeap
# Possible reasons:
#   The system is out of physical RAM or swap space
#   The process is running with CompressedOops enabled, and the Java Heap may be blocking the growth of the native heap
# Possible solutions:
#   Reduce memory load on the system
#   Increase physical memory or swap space
#   Check if swap backing store is full
#   Decrease Java heap size (-Xmx/-Xms)
#   Decrease number of Java threads
#   Decrease Java thread stack sizes (-Xss)
#   Set larger code cache with -XX:ReservedCodeCacheSize=
#   JVM is running with Unscaled Compressed Oops mode in which the Java heap is
#     placed in the first 4GB address space. The Java Heap base address is the
#     maximum limit for the native heap growth. Please use -XX:HeapBaseMinAddress
#     to set the Java Heap base and to place the Java Heap above 4GB virtual address.
# This output file may be truncated or incomplete.
#
#  Out of Memory Error (./open/src/hotspot/share/memory/allocation.cpp:44), pid=4836, tid=8552
#
# JRE version:  (15.0.2+7) (build )
# Java VM: Java HotSpot(TM) 64-Bit Server VM (15.0.2+7-27, mixed mode, sharing, tiered, compressed oops, g1 gc, windows-amd64)
# No core dump will be written. Minidumps are not enabled by default on client versions of Windows
#

---------------  S U M M A R Y ------------

Command Line: -Dapplication.home=C:\Program Files\Java\jdk-15.0.2 --add-modules=ALL-DEFAULT -Xms8m -Djdk.module.main=jdk.compiler jdk.compiler/com.sun.tools.javac.Main -d C:\Users\desen\Documents\NetBeansProjects\Centro_de_Distribuicao\build\classes -classpath C:\Users\desen\Documents\NetBeansProjects\Centro_de_Distribuicao\build\classes -sourcepath C:\Users\desen\Documents\NetBeansProjects\Centro_de_Distribuicao\build\empty -target 15 -encoding UTF-8 -g -processorpath C:\Users\desen\Documents\NetBeansProjects\Centro_de_Distribuicao\build\empty -s C:\Users\desen\Documents\NetBeansProjects\Centro_de_Distribuicao\build\generated-sources\ap-source-output -source 15 C:\Users\desen\Documents\NetBeansProjects\Centro_de_Distribuicao\src\centro_de_distribuicao\Painel.java

Host: Intel(R) Core(TM) i5-4200U CPU @ 1.60GHz, 4 cores, 3G,  Windows 10 , 64 bit Build 17134 (10.0.17134.2145)
Time: Fri Jun  4 23:31:11 2021 Hora oficial do Brasil elapsed time: 0.184930 seconds (0d 0h 0m 0s)

---------------  T H R E A D  ---------------

Current thread (0x000001b4c293ab00):  JavaThread "Unknown thread" [_thread_in_vm, id=8552, stack(0x0000002dd1100000,0x0000002dd1200000)]

Stack: [0x0000002dd1100000,0x0000002dd1200000]
Native frames: (J=compiled Java code, j=interpreted, Vv=VM code, C=native code)
V  [jvm.dll+0x62ae9a]
V  [jvm.dll+0x7817a9]
V  [jvm.dll+0x782f03]
V  [jvm.dll+0x783563]
V  [jvm.dll+0x216325]
V  [jvm.dll+0x8ebb2]
V  [jvm.dll+0x2b0975]
V  [jvm.dll+0x2a80ce]
V  [jvm.dll+0x75e241]
V  [jvm.dll+0x3341c4]
V  [jvm.dll+0x73e926]
V  [jvm.dll+0x3b7557]
V  [jvm.dll+0x3b8fe1]
C  [jli.dll+0x52fb]
C  [ucrtbase.dll+0x1e3fe]
C  [KERNEL32.DLL+0x14034]
C  [ntdll.dll+0x73691]


---------------  P R O C E S S  ---------------

Threads class SMR info:
_java_thread_list=0x00007ffdbc314ff0, length=0, elements={
}

Java Threads: ( => current thread )

Other Threads:
  0x000001b4c2976610 GCTaskThread "GC Thread#0" [stack: 0x0000002dd1200000,0x0000002dd1300000] [id=2068]

[error occurred during error reporting (printing all threads), id 0xc0000005, EXCEPTION_ACCESS_VIOLATION (0xc0000005) at pc=0x00007ffdbbb053a0]

VM state: not at safepoint (not fully initialized)

VM Mutex/Monitor currently owned by a thread:  ([mutex/lock_event])
[0x000001b4c2945770] Heap_lock - owner thread: 0x000001b4c293ab00

Heap address: 0x00000000c1c00000, size: 996 MB, Compressed Oops mode: 32-bit
CDS archive(s) mapped at: [0x0000000000000000-0x0000000000000000-0x0000000000000000), size 0, SharedBaseAddress: 0x0000000800000000, ArchiveRelocationMode: 0.
Narrow klass base: 0x0000000000000000, Narrow klass shift: 0, Narrow klass range: 0x0

Heap:
 garbage-first heap   total 0K, used 0K [0x00000000c1c00000, 0x0000000100000000)
  region size 1024K, 0 young (0K), 0 survivors (0K)
 Metaspace       used 0K, capacity 0K, committed 0K, reserved 0K
  class space    used 0K, capacity 0K, committed 0K, reserved 0K

Heap Regions: E=young(eden), S=young(survivor), O=old, HS=humongous(starts), HC=humongous(continues), CS=collection set, F=free, OA=open archive, CA=closed archive, TAMS=top-at-mark-start (previous, next)

Card table byte_map: [0x000001b4dbba0000,0x000001b4dbda0000] _byte_map_base: 0x000001b4db592000

GC Heap History (0 events):
No events

Deoptimization events (0 events):
No events

Classes unloaded (0 events):
No events

Classes redefined (0 events):
No events

Internal exceptions (0 events):
No events

Events (1 events):
Event: 0.011 Loaded shared library C:\Program Files\Java\jdk-15.0.2\bin\java.dll


Dynamic libraries:
0x00007ff7bfc90000 - 0x00007ff7bfc98000 	C:\Program Files\Java\jdk-15.0.2\bin\javac.exe
0x00007ffe05040000 - 0x00007ffe05221000 	C:\WINDOWS\SYSTEM32\ntdll.dll
0x00007ffdfd740000 - 0x00007ffdfd753000 	C:\Program Files\AVAST Software\Avast\aswhook.dll
0x00007ffe03000000 - 0x00007ffe030b1000 	C:\WINDOWS\System32\KERNEL32.DLL
0x00007ffe01db0000 - 0x00007ffe02023000 	C:\WINDOWS\System32\KERNELBASE.dll
0x00007ffe01b10000 - 0x00007ffe01c08000 	C:\WINDOWS\System32\ucrtbase.dll
0x00007ffdf3390000 - 0x00007ffdf33a9000 	C:\Program Files\Java\jdk-15.0.2\bin\VCRUNTIME140.dll
0x00007ffdf1e30000 - 0x00007ffdf1e48000 	C:\Program Files\Java\jdk-15.0.2\bin\jli.dll
0x00007ffe04800000 - 0x00007ffe048a1000 	C:\WINDOWS\System32\ADVAPI32.dll
0x00007ffe02e10000 - 0x00007ffe02eae000 	C:\WINDOWS\System32\msvcrt.dll
0x00007ffe04c80000 - 0x00007ffe04cdb000 	C:\WINDOWS\System32\sechost.dll
0x00007ffe049c0000 - 0x00007ffe04ae2000 	C:\WINDOWS\System32\RPCRT4.dll
0x00007ffe04af0000 - 0x00007ffe04c80000 	C:\WINDOWS\System32\USER32.dll
0x00007ffdf1bb0000 - 0x00007ffdf1e19000 	C:\WINDOWS\WinSxS\amd64_microsoft.windows.common-controls_6595b64144ccf1df_6.0.17134.2145_none_d3ffd2a97c905572\COMCTL32.dll
0x00007ffe04ce0000 - 0x00007ffe05002000 	C:\WINDOWS\System32\combase.dll
0x00007ffe02390000 - 0x00007ffe023b0000 	C:\WINDOWS\System32\win32u.dll
0x00007ffe02310000 - 0x00007ffe02389000 	C:\WINDOWS\System32\bcryptPrimitives.dll
0x00007ffe02d80000 - 0x00007ffe02da8000 	C:\WINDOWS\System32\GDI32.dll
0x00007ffe01c10000 - 0x00007ffe01da4000 	C:\WINDOWS\System32\gdi32full.dll
0x00007ffe02270000 - 0x00007ffe0230f000 	C:\WINDOWS\System32\msvcp_win.dll
0x00007ffdfa670000 - 0x00007ffdfa67a000 	C:\WINDOWS\SYSTEM32\VERSION.dll
0x00007ffe047d0000 - 0x00007ffe047fd000 	C:\WINDOWS\System32\IMM32.DLL
0x00007ffdf66a0000 - 0x00007ffdf66ac000 	C:\Program Files\Java\jdk-15.0.2\bin\vcruntime140_1.dll
0x00007ffde9c90000 - 0x00007ffde9d21000 	C:\Program Files\Java\jdk-15.0.2\bin\msvcp140.dll
0x00007ffdbb850000 - 0x00007ffdbc3ae000 	C:\Program Files\Java\jdk-15.0.2\bin\server\jvm.dll
0x00007ffe02ca0000 - 0x00007ffe02ca8000 	C:\WINDOWS\System32\PSAPI.DLL
0x00007ffdff530000 - 0x00007ffdff553000 	C:\WINDOWS\SYSTEM32\WINMM.dll
0x00007ffdf87c0000 - 0x00007ffdf87c9000 	C:\WINDOWS\SYSTEM32\WSOCK32.dll
0x00007ffe02ab0000 - 0x00007ffe02b1c000 	C:\WINDOWS\System32\WS2_32.dll
0x00007ffdff400000 - 0x00007ffdff42a000 	C:\WINDOWS\SYSTEM32\winmmbase.dll
0x00007ffe02220000 - 0x00007ffe02269000 	C:\WINDOWS\System32\cfgmgr32.dll
0x00007ffe013d0000 - 0x00007ffe013e1000 	C:\WINDOWS\System32\kernel.appcore.dll
0x00007ffdf4e90000 - 0x00007ffdf4e9a000 	C:\Program Files\Java\jdk-15.0.2\bin\jimage.dll
0x00007ffdf8dd0000 - 0x00007ffdf8f99000 	C:\WINDOWS\SYSTEM32\DBGHELP.DLL
0x00007ffdf8da0000 - 0x00007ffdf8dc9000 	C:\WINDOWS\SYSTEM32\dbgcore.DLL
0x00007ffdf28c0000 - 0x00007ffdf28e5000 	C:\Program Files\Java\jdk-15.0.2\bin\java.dll

dbghelp: loaded successfully - version: 4.0.5 - missing functions: none
symbol engine: initialized successfully - sym options: 0x614 - pdb path: .;C:\Program Files\Java\jdk-15.0.2\bin;C:\WINDOWS\SYSTEM32;C:\Program Files\AVAST Software\Avast;C:\WINDOWS\WinSxS\amd64_microsoft.windows.common-controls_6595b64144ccf1df_6.0.17134.2145_none_d3ffd2a97c905572;C:\Program Files\Java\jdk-15.0.2\bin\server

VM Arguments:
jvm_args: -Dapplication.home=C:\Program Files\Java\jdk-15.0.2 --add-modules=ALL-DEFAULT -Xms8m -Djdk.module.main=jdk.compiler 
java_command: jdk.compiler/com.sun.tools.javac.Main -d C:\Users\desen\Documents\NetBeansProjects\Centro_de_Distribuicao\build\classes -classpath C:\Users\desen\Documents\NetBeansProjects\Centro_de_Distribuicao\build\classes -sourcepath C:\Users\desen\Documents\NetBeansProjects\Centro_de_Distribuicao\build\empty -target 15 -encoding UTF-8 -g -processorpath C:\Users\desen\Documents\NetBeansProjects\Centro_de_Distribuicao\build\empty -s C:\Users\desen\Documents\NetBeansProjects\Centro_de_Distribuicao\build\generated-sources\ap-source-output -source 15 C:\Users\desen\Documents\NetBeansProjects\Centro_de_Distribuicao\src\centro_de_distribuicao\Painel.java
java_class_path (initial): <not set>
Launcher Type: SUN_STANDARD

[Global flags]
     intx CICompilerCount                          = 3                                         {product} {ergonomic}
     uint ConcGCThreads                            = 1                                         {product} {ergonomic}
     uint G1ConcRefinementThreads                  = 4                                         {product} {ergonomic}
   size_t G1HeapRegionSize                         = 1048576                                   {product} {ergonomic}
    uintx GCDrainStackTargetSize                   = 64                                        {product} {ergonomic}
   size_t InitialHeapSize                          = 8388608                                   {product} {command line}
   size_t MarkStackSize                            = 4194304                                   {product} {ergonomic}
   size_t MaxHeapSize                              = 1044381696                                {product} {ergonomic}
   size_t MinHeapDeltaBytes                        = 1048576                                   {product} {ergonomic}
   size_t MinHeapSize                              = 8388608                                   {product} {command line}
    uintx NonNMethodCodeHeapSize                   = 5832780                                {pd product} {ergonomic}
    uintx NonProfiledCodeHeapSize                  = 122912730                              {pd product} {ergonomic}
    uintx ProfiledCodeHeapSize                     = 122912730                              {pd product} {ergonomic}
    uintx ReservedCodeCacheSize                    = 251658240                              {pd product} {ergonomic}
     bool SegmentedCodeCache                       = true                                      {product} {ergonomic}
   size_t SoftMaxHeapSize                          = 1044381696                             {manageable} {ergonomic}
     bool UseCompressedClassPointers               = true                                 {lp64_product} {ergonomic}
     bool UseCompressedOops                        = true                                 {lp64_product} {ergonomic}
     bool UseG1GC                                  = true                                      {product} {ergonomic}
     bool UseLargePagesIndividualAllocation        = false                                  {pd product} {ergonomic}

Logging:
Log output configuration:
 #0: stdout all=warning uptime,level,tags
 #1: stderr all=off uptime,level,tags

Environment Variables:
PATH=C:\Program Files\Common Files\Oracle\Java\javapath;C:\Program Files (x86)\Common Files\Oracle\Java\javapath;C:\WINDOWS\system32;C:\WINDOWS;C:\WINDOWS\System32\Wbem;C:\WINDOWS\System32\WindowsPowerShell\v1.0\;C:\WINDOWS\System32\OpenSSH\;C:\Program Files\Git\cmd;C:\Users\desen\AppData\Local\Microsoft\WindowsApps;C:\Users\desen\AppData\Local\GitHubDesktop\bin
USERNAME=desen
OS=Windows_NT
PROCESSOR_IDENTIFIER=Intel64 Family 6 Model 69 Stepping 1, GenuineIntel



---------------  S Y S T E M  ---------------

OS:
 Windows 10 , 64 bit Build 17134 (10.0.17134.2145)
OS uptime: 0 days 10:06 hours

CPU: total 4 (initial active 4) (2 cores per cpu, 2 threads per core) family 6 model 69 stepping 1 microcode 0x25, cmov, cx8, fxsr, mmx, sse, sse2, sse3, ssse3, sse4.1, sse4.2, popcnt, vzeroupper, avx, avx2, aes, clmul, erms, lzcnt, ht, tsc, tscinvbit, bmi1, bmi2, fma, clflush

Memory: 4k page, system-wide physical 3979M (203M free)
TotalPageFile size 3979M (AvailPageFile size 5M)
current process WorkingSet (physical memory assigned to process): 9M, peak: 9M
current process commit charge ("private bytes"): 51M, peak: 51M

vm_info: Java HotSpot(TM) 64-Bit Server VM (15.0.2+7-27) for windows-amd64 JRE (15.0.2+7-27), built on Dec  7 2020 20:07:01 by "mach5one" with unknown MS VC++:1925

END.
